<?xml version="1.0" encoding="UTF-8"?>
<coverage generated="1473776487">
  <project timestamp="1473776487">
    <package name="LupeCode\phpTraderInterface">
      <file name="C:\inetpub\phpTraderInterface\source/Trader.php">
        <class name="Trader" namespace="LupeCode\phpTraderInterface" fullPackage="LupeCode" package="LupeCode">
          <metrics complexity="163" methods="163" coveredmethods="158" conditionals="0" coveredconditionals="0" statements="163" coveredstatements="158" elements="326" coveredelements="316"/>
        </class>
        <line num="28" type="method" name="mathArcCosine" visibility="public" complexity="1" crap="1" count="1"/>
        <line num="30" type="stmt" count="1"/>
        <line num="52" type="method" name="chaikinAccumulationDistributionLine" visibility="public" complexity="1" crap="1" count="1"/>
        <line num="54" type="stmt" count="1"/>
        <line num="65" type="method" name="mathAddition" visibility="public" complexity="1" crap="1" count="1"/>
        <line num="67" type="stmt" count="1"/>
        <line num="91" type="method" name="chaikinAccumulationDistributionOscillator" visibility="public" complexity="1" crap="1" count="1"/>
        <line num="93" type="stmt" count="1"/>
        <line num="117" type="method" name="averageDirectionalMovementIndex" visibility="public" complexity="1" crap="1" count="1"/>
        <line num="119" type="stmt" count="1"/>
        <line num="138" type="method" name="averageDirectionalMovementIndexRating" visibility="public" complexity="1" crap="1" count="1"/>
        <line num="140" type="stmt" count="1"/>
        <line num="162" type="method" name="absolutePriceOscillator" visibility="public" complexity="1" crap="1" count="1"/>
        <line num="164" type="stmt" count="1"/>
        <line num="182" type="method" name="aroonIndicator" visibility="public" complexity="1" crap="1" count="1"/>
        <line num="184" type="stmt" count="1"/>
        <line num="199" type="method" name="arronOscillator" visibility="public" complexity="1" crap="1" count="1"/>
        <line num="201" type="stmt" count="1"/>
        <line num="213" type="method" name="mathArcSine" visibility="public" complexity="1" crap="1" count="1"/>
        <line num="215" type="stmt" count="1"/>
        <line num="227" type="method" name="mathArcTangent" visibility="public" complexity="1" crap="1" count="1"/>
        <line num="229" type="stmt" count="1"/>
        <line num="249" type="method" name="averageTrueRange" visibility="public" complexity="1" crap="1" count="1"/>
        <line num="251" type="stmt" count="1"/>
        <line num="267" type="method" name="averagePrice" visibility="public" complexity="1" crap="1" count="1"/>
        <line num="269" type="stmt" count="1"/>
        <line num="289" type="method" name="bollingerBands" visibility="public" complexity="1" crap="1" count="1"/>
        <line num="291" type="stmt" count="1"/>
        <line num="311" type="method" name="betaVolatility" visibility="public" complexity="1" crap="1" count="1"/>
        <line num="313" type="stmt" count="1"/>
        <line num="326" type="method" name="balanceOfPower" visibility="public" complexity="1" crap="1" count="1"/>
        <line num="328" type="stmt" count="1"/>
        <line num="344" type="method" name="commodityChannelIndex" visibility="public" complexity="1" crap="1" count="1"/>
        <line num="346" type="stmt" count="1"/>
        <line num="359" type="method" name="candleTwoCrows" visibility="public" complexity="1" crap="1" count="1"/>
        <line num="361" type="stmt" count="1"/>
        <line num="374" type="method" name="candleThreeBlackCrows" visibility="public" complexity="1" crap="1" count="1"/>
        <line num="376" type="stmt" count="1"/>
        <line num="389" type="method" name="candleThreeInsideUpDown" visibility="public" complexity="1" crap="1" count="1"/>
        <line num="391" type="stmt" count="1"/>
        <line num="404" type="method" name="candleThreeLineStrike" visibility="public" complexity="1" crap="1" count="1"/>
        <line num="406" type="stmt" count="1"/>
        <line num="419" type="method" name="candleThreeOutsideUpDown" visibility="public" complexity="1" crap="1" count="1"/>
        <line num="421" type="stmt" count="1"/>
        <line num="434" type="method" name="candleThreeStarsInTheSouth" visibility="public" complexity="1" crap="1" count="1"/>
        <line num="436" type="stmt" count="1"/>
        <line num="449" type="method" name="candleThreeWhiteSoldiers" visibility="public" complexity="1" crap="1" count="1"/>
        <line num="451" type="stmt" count="1"/>
        <line num="465" type="method" name="candleAbandonedBaby" visibility="public" complexity="1" crap="1" count="1"/>
        <line num="467" type="stmt" count="1"/>
        <line num="480" type="method" name="candleAdvanceBlock" visibility="public" complexity="1" crap="1" count="1"/>
        <line num="482" type="stmt" count="1"/>
        <line num="495" type="method" name="candleBeltHold" visibility="public" complexity="1" crap="1" count="1"/>
        <line num="497" type="stmt" count="1"/>
        <line num="510" type="method" name="candleBreakaway" visibility="public" complexity="1" crap="1" count="1"/>
        <line num="512" type="stmt" count="1"/>
        <line num="525" type="method" name="candleClosingMarubozu" visibility="public" complexity="1" crap="1" count="1"/>
        <line num="527" type="stmt" count="1"/>
        <line num="540" type="method" name="candleConcealingBabySwallow" visibility="public" complexity="1" crap="1" count="1"/>
        <line num="542" type="stmt" count="1"/>
        <line num="555" type="method" name="candleCounterattack" visibility="public" complexity="1" crap="1" count="1"/>
        <line num="557" type="stmt" count="1"/>
        <line num="571" type="method" name="candleDarkCloudCover" visibility="public" complexity="1" crap="1" count="1"/>
        <line num="573" type="stmt" count="1"/>
        <line num="586" type="method" name="candleDoji" visibility="public" complexity="1" crap="1" count="1"/>
        <line num="588" type="stmt" count="1"/>
        <line num="601" type="method" name="candleDojiStar" visibility="public" complexity="1" crap="1" count="1"/>
        <line num="603" type="stmt" count="1"/>
        <line num="616" type="method" name="candleDragonflyDoji" visibility="public" complexity="1" crap="1" count="1"/>
        <line num="618" type="stmt" count="1"/>
        <line num="631" type="method" name="candleEngulfingPattern" visibility="public" complexity="1" crap="1" count="1"/>
        <line num="633" type="stmt" count="1"/>
        <line num="647" type="method" name="candleEveningDojiStar" visibility="public" complexity="1" crap="1" count="1"/>
        <line num="649" type="stmt" count="1"/>
        <line num="663" type="method" name="candleEveningStar" visibility="public" complexity="1" crap="1" count="1"/>
        <line num="665" type="stmt" count="1"/>
        <line num="678" type="method" name="candleUpDownGapsSideBySideWhiteLines" visibility="public" complexity="1" crap="1" count="1"/>
        <line num="680" type="stmt" count="1"/>
        <line num="693" type="method" name="candleGravestoneDoji" visibility="public" complexity="1" crap="1" count="1"/>
        <line num="695" type="stmt" count="1"/>
        <line num="708" type="method" name="candleHammer" visibility="public" complexity="1" crap="1" count="1"/>
        <line num="710" type="stmt" count="1"/>
        <line num="723" type="method" name="candleHangingMan" visibility="public" complexity="1" crap="1" count="1"/>
        <line num="725" type="stmt" count="1"/>
        <line num="738" type="method" name="candleHarami" visibility="public" complexity="1" crap="1" count="1"/>
        <line num="740" type="stmt" count="1"/>
        <line num="753" type="method" name="candleHaramiCross" visibility="public" complexity="1" crap="1" count="1"/>
        <line num="755" type="stmt" count="1"/>
        <line num="768" type="method" name="candleHighWave" visibility="public" complexity="1" crap="1" count="1"/>
        <line num="770" type="stmt" count="1"/>
        <line num="783" type="method" name="candleHikkake" visibility="public" complexity="1" crap="1" count="1"/>
        <line num="785" type="stmt" count="1"/>
        <line num="798" type="method" name="candleModifiedHikkake" visibility="public" complexity="1" crap="1" count="1"/>
        <line num="800" type="stmt" count="1"/>
        <line num="813" type="method" name="candleHomingPigeon" visibility="public" complexity="1" crap="1" count="1"/>
        <line num="815" type="stmt" count="1"/>
        <line num="828" type="method" name="candleIdenticalThreeCrows" visibility="public" complexity="1" crap="1" count="1"/>
        <line num="830" type="stmt" count="1"/>
        <line num="843" type="method" name="candleInNeck" visibility="public" complexity="1" crap="1" count="1"/>
        <line num="845" type="stmt" count="1"/>
        <line num="858" type="method" name="candleInvertedHammer" visibility="public" complexity="1" crap="1" count="1"/>
        <line num="860" type="stmt" count="1"/>
        <line num="873" type="method" name="candleKicking" visibility="public" complexity="1" crap="1" count="1"/>
        <line num="875" type="stmt" count="1"/>
        <line num="888" type="method" name="candleKickingByLength" visibility="public" complexity="1" crap="1" count="1"/>
        <line num="890" type="stmt" count="1"/>
        <line num="903" type="method" name="candleLadderBottom" visibility="public" complexity="1" crap="1" count="1"/>
        <line num="905" type="stmt" count="1"/>
        <line num="918" type="method" name="candleLongLeggedDoji" visibility="public" complexity="1" crap="1" count="1"/>
        <line num="920" type="stmt" count="1"/>
        <line num="933" type="method" name="candleLongLine" visibility="public" complexity="1" crap="1" count="1"/>
        <line num="935" type="stmt" count="1"/>
        <line num="948" type="method" name="candleMarubozu" visibility="public" complexity="1" crap="1" count="1"/>
        <line num="950" type="stmt" count="1"/>
        <line num="963" type="method" name="candleMatchingLow" visibility="public" complexity="1" crap="1" count="1"/>
        <line num="965" type="stmt" count="1"/>
        <line num="979" type="method" name="candleMatHold" visibility="public" complexity="1" crap="1" count="1"/>
        <line num="981" type="stmt" count="1"/>
        <line num="995" type="method" name="candleMorningDojiStar" visibility="public" complexity="1" crap="1" count="1"/>
        <line num="997" type="stmt" count="1"/>
        <line num="1011" type="method" name="candleMorningStar" visibility="public" complexity="1" crap="1" count="1"/>
        <line num="1013" type="stmt" count="1"/>
        <line num="1026" type="method" name="candleOnNeck" visibility="public" complexity="1" crap="1" count="1"/>
        <line num="1028" type="stmt" count="1"/>
        <line num="1041" type="method" name="candlePiercing" visibility="public" complexity="1" crap="1" count="1"/>
        <line num="1043" type="stmt" count="1"/>
        <line num="1056" type="method" name="candleRickshawMan" visibility="public" complexity="1" crap="1" count="1"/>
        <line num="1058" type="stmt" count="1"/>
        <line num="1071" type="method" name="candleRisingFallingThreeMethods" visibility="public" complexity="1" crap="1" count="1"/>
        <line num="1073" type="stmt" count="1"/>
        <line num="1086" type="method" name="candleSeparatingLines" visibility="public" complexity="1" crap="1" count="1"/>
        <line num="1088" type="stmt" count="1"/>
        <line num="1101" type="method" name="candleShootingStar" visibility="public" complexity="1" crap="1" count="1"/>
        <line num="1103" type="stmt" count="1"/>
        <line num="1116" type="method" name="candleShortLine" visibility="public" complexity="1" crap="1" count="1"/>
        <line num="1118" type="stmt" count="1"/>
        <line num="1131" type="method" name="candleSpinningTop" visibility="public" complexity="1" crap="1" count="1"/>
        <line num="1133" type="stmt" count="1"/>
        <line num="1146" type="method" name="candleStalled" visibility="public" complexity="1" crap="1" count="1"/>
        <line num="1148" type="stmt" count="1"/>
        <line num="1161" type="method" name="candleStickSandwich" visibility="public" complexity="1" crap="1" count="1"/>
        <line num="1163" type="stmt" count="1"/>
        <line num="1176" type="method" name="candleTakuri" visibility="public" complexity="1" crap="1" count="1"/>
        <line num="1178" type="stmt" count="1"/>
        <line num="1191" type="method" name="candleTasukiGap" visibility="public" complexity="1" crap="1" count="1"/>
        <line num="1193" type="stmt" count="1"/>
        <line num="1206" type="method" name="candleThrusting" visibility="public" complexity="1" crap="1" count="1"/>
        <line num="1208" type="stmt" count="1"/>
        <line num="1221" type="method" name="candleTristar" visibility="public" complexity="1" crap="1" count="1"/>
        <line num="1223" type="stmt" count="1"/>
        <line num="1236" type="method" name="candleUniqueThreeRiver" visibility="public" complexity="1" crap="1" count="1"/>
        <line num="1238" type="stmt" count="1"/>
        <line num="1251" type="method" name="candleUpsideGapTwoCrows" visibility="public" complexity="1" crap="1" count="1"/>
        <line num="1253" type="stmt" count="1"/>
        <line num="1266" type="method" name="candleUpsideDownsideGapThreeMethods" visibility="public" complexity="1" crap="1" count="1"/>
        <line num="1268" type="stmt" count="1"/>
        <line num="1280" type="method" name="mathCeiling" visibility="public" complexity="1" crap="1" count="1"/>
        <line num="1282" type="stmt" count="1"/>
        <line num="1297" type="method" name="chandeMomentumOscillator" visibility="public" complexity="1" crap="1" count="1"/>
        <line num="1299" type="stmt" count="1"/>
        <line num="1313" type="method" name="pearsonCorrelationCoefficient" visibility="public" complexity="1" crap="1" count="1"/>
        <line num="1315" type="stmt" count="1"/>
        <line num="1327" type="method" name="mathCosine" visibility="public" complexity="1" crap="1" count="1"/>
        <line num="1329" type="stmt" count="1"/>
        <line num="1341" type="method" name="mathHyperbolicCosine" visibility="public" complexity="1" crap="1" count="1"/>
        <line num="1343" type="stmt" count="1"/>
        <line num="1357" type="method" name="doubleExponentialMovingAverage" visibility="public" complexity="1" crap="1" count="1"/>
        <line num="1359" type="stmt" count="1"/>
        <line num="1372" type="method" name="mathDivision" visibility="public" complexity="1" crap="1" count="1"/>
        <line num="1374" type="stmt" count="1"/>
        <line num="1390" type="method" name="directionalMovementIndex" visibility="public" complexity="1" crap="1" count="1"/>
        <line num="1392" type="stmt" count="1"/>
        <line num="1407" type="method" name="exponentialMovingAverage" visibility="public" complexity="1" crap="1" count="1"/>
        <line num="1409" type="stmt" count="1"/>
        <line num="1419" type="method" name="errorNumber" visibility="public" complexity="1" crap="2" count="0"/>
        <line num="1421" type="stmt" count="0"/>
        <line num="1433" type="method" name="mathExponent" visibility="public" complexity="1" crap="1" count="1"/>
        <line num="1435" type="stmt" count="1"/>
        <line num="1447" type="method" name="mathFloor" visibility="public" complexity="1" crap="1" count="1"/>
        <line num="1449" type="stmt" count="1"/>
        <line num="1459" type="method" name="getCompatibilityMode" visibility="public" complexity="1" crap="2" count="0"/>
        <line num="1461" type="stmt" count="0"/>
        <line num="1473" type="method" name="getUnstablePeriod" visibility="public" complexity="1" crap="2" count="0"/>
        <line num="1475" type="stmt" count="0"/>
        <line num="1485" type="method" name="hilbertTransformDominantCyclePeriod" visibility="public" complexity="1" crap="1" count="1"/>
        <line num="1487" type="stmt" count="1"/>
        <line num="1497" type="method" name="hilbertTransformDominantCyclePhase" visibility="public" complexity="1" crap="1" count="1"/>
        <line num="1499" type="stmt" count="1"/>
        <line num="1510" type="method" name="hilbertTransformPhasorComponents" visibility="public" complexity="1" crap="1" count="1"/>
        <line num="1512" type="stmt" count="1"/>
        <line num="1523" type="method" name="hilbertTransformSineWave" visibility="public" complexity="1" crap="1" count="1"/>
        <line num="1525" type="stmt" count="1"/>
        <line num="1535" type="method" name="hilbertTransformInstantaneousTrendLine" visibility="public" complexity="1" crap="1" count="1"/>
        <line num="1537" type="stmt" count="1"/>
        <line num="1547" type="method" name="hilbertTransformTrendVsCycleMode" visibility="public" complexity="1" crap="1" count="1"/>
        <line num="1549" type="stmt" count="1"/>
        <line num="1565" type="method" name="kaufmanAdaptiveMovingAverage" visibility="public" complexity="1" crap="1" count="1"/>
        <line num="1567" type="stmt" count="1"/>
        <line num="1578" type="method" name="linearRegressionAngle" visibility="public" complexity="1" crap="1" count="1"/>
        <line num="1580" type="stmt" count="1"/>
        <line num="1591" type="method" name="linearRegressionIntercept" visibility="public" complexity="1" crap="1" count="1"/>
        <line num="1593" type="stmt" count="1"/>
        <line num="1604" type="method" name="linearRegressionSlope" visibility="public" complexity="1" crap="1" count="1"/>
        <line num="1606" type="stmt" count="1"/>
        <line num="1617" type="method" name="linearRegression" visibility="public" complexity="1" crap="1" count="1"/>
        <line num="1619" type="stmt" count="1"/>
        <line num="1631" type="method" name="mathLogarithmNatural" visibility="public" complexity="1" crap="1" count="1"/>
        <line num="1633" type="stmt" count="1"/>
        <line num="1645" type="method" name="mathLogarithmBase10" visibility="public" complexity="1" crap="1" count="1"/>
        <line num="1647" type="stmt" count="1"/>
        <line num="1659" type="method" name="movingAverage" visibility="public" complexity="1" crap="1" count="1"/>
        <line num="1661" type="stmt" count="1"/>
        <line num="1674" type="method" name="movingAverageConvergenceDivergence" visibility="public" complexity="1" crap="1" count="1"/>
        <line num="1676" type="stmt" count="1"/>
        <line num="1691" type="method" name="movingAverageConvergenceDivergenceExtended" visibility="public" complexity="1" crap="1" count="1"/>
        <line num="1693" type="stmt" count="1"/>
        <line num="1704" type="method" name="movingAverageConvergenceDivergenceFixed" visibility="public" complexity="1" crap="1" count="1"/>
        <line num="1706" type="stmt" count="1"/>
        <line num="1718" type="method" name="mesaAdaptiveMovingAverage" visibility="public" complexity="1" crap="1" count="1"/>
        <line num="1720" type="stmt" count="1"/>
        <line num="1734" type="method" name="movingAverageVariablePeriod" visibility="public" complexity="1" crap="1" count="1"/>
        <line num="1736" type="stmt" count="1"/>
        <line num="1747" type="method" name="mathMax" visibility="public" complexity="1" crap="1" count="1"/>
        <line num="1749" type="stmt" count="1"/>
        <line num="1760" type="method" name="mathMaxIndex" visibility="public" complexity="1" crap="1" count="1"/>
        <line num="1762" type="stmt" count="1"/>
        <line num="1773" type="method" name="mathMedianPrice" visibility="public" complexity="1" crap="1" count="1"/>
        <line num="1775" type="stmt" count="1"/>
        <line num="1789" type="method" name="moneyFlowIndex" visibility="public" complexity="1" crap="1" count="1"/>
        <line num="1791" type="stmt" count="1"/>
        <line num="1802" type="method" name="middlePoint" visibility="public" complexity="1" crap="1" count="1"/>
        <line num="1804" type="stmt" count="1"/>
        <line num="1816" type="method" name="middlePointPrice" visibility="public" complexity="1" crap="1" count="1"/>
        <line num="1818" type="stmt" count="1"/>
        <line num="1829" type="method" name="mathMin" visibility="public" complexity="1" crap="1" count="1"/>
        <line num="1831" type="stmt" count="1"/>
        <line num="1842" type="method" name="mathMinIndex" visibility="public" complexity="1" crap="1" count="1"/>
        <line num="1844" type="stmt" count="1"/>
        <line num="1855" type="method" name="mathMinMax" visibility="public" complexity="1" crap="1" count="1"/>
        <line num="1857" type="stmt" count="1"/>
        <line num="1868" type="method" name="mathMinMaxIndex" visibility="public" complexity="1" crap="1" count="1"/>
        <line num="1870" type="stmt" count="1"/>
        <line num="1883" type="method" name="minusDirectionalIndicator" visibility="public" complexity="1" crap="1" count="1"/>
        <line num="1885" type="stmt" count="1"/>
        <line num="1897" type="method" name="minusDirectionalMovement" visibility="public" complexity="1" crap="1" count="1"/>
        <line num="1899" type="stmt" count="1"/>
        <line num="1910" type="method" name="momentum" visibility="public" complexity="1" crap="1" count="1"/>
        <line num="1912" type="stmt" count="1"/>
        <line num="1924" type="method" name="mathMultiply" visibility="public" complexity="1" crap="1" count="1"/>
        <line num="1926" type="stmt" count="1"/>
        <line num="1939" type="method" name="normalizedAverageTrueRange" visibility="public" complexity="1" crap="1" count="1"/>
        <line num="1941" type="stmt" count="1"/>
        <line num="1952" type="method" name="onBalanceVolume" visibility="public" complexity="1" crap="1" count="1"/>
        <line num="1954" type="stmt" count="1"/>
        <line num="1967" type="method" name="plusDirectionalIndicator" visibility="public" complexity="1" crap="1" count="1"/>
        <line num="1969" type="stmt" count="1"/>
        <line num="1981" type="method" name="plusDirectionalMovement" visibility="public" complexity="1" crap="1" count="1"/>
        <line num="1983" type="stmt" count="1"/>
        <line num="1996" type="method" name="percentagePriceOscillator" visibility="public" complexity="1" crap="1" count="1"/>
        <line num="1998" type="stmt" count="1"/>
        <line num="2009" type="method" name="rateOfChange" visibility="public" complexity="1" crap="1" count="1"/>
        <line num="2011" type="stmt" count="1"/>
        <line num="2022" type="method" name="rateOfChangePercentage" visibility="public" complexity="1" crap="1" count="1"/>
        <line num="2024" type="stmt" count="1"/>
        <line num="2035" type="method" name="rateOfChangeRatio100" visibility="public" complexity="1" crap="1" count="1"/>
        <line num="2037" type="stmt" count="1"/>
        <line num="2048" type="method" name="rateOfChangeRatio" visibility="public" complexity="1" crap="1" count="1"/>
        <line num="2050" type="stmt" count="1"/>
        <line num="2061" type="method" name="relativeStrengthIndex" visibility="public" complexity="1" crap="1" count="1"/>
        <line num="2063" type="stmt" count="1"/>
        <line num="2076" type="method" name="parabolicSAR" visibility="public" complexity="1" crap="1" count="1"/>
        <line num="2078" type="stmt" count="1"/>
        <line num="2097" type="method" name="parabolicSARExtended" visibility="public" complexity="1" crap="1" count="1"/>
        <line num="2099" type="stmt" count="1"/>
        <line num="2108" type="method" name="setCompatibilityMode" visibility="public" complexity="1" crap="2" count="0"/>
        <line num="2110" type="stmt" count="0"/>
        <line num="2120" type="method" name="setUnstablePeriod" visibility="public" complexity="1" crap="2" count="0"/>
        <line num="2122" type="stmt" count="0"/>
        <line num="2133" type="method" name="mathSine" visibility="public" complexity="1" crap="1" count="1"/>
        <line num="2135" type="stmt" count="1"/>
        <line num="2146" type="method" name="mathHyperbolicSine" visibility="public" complexity="1" crap="1" count="1"/>
        <line num="2148" type="stmt" count="1"/>
        <line num="2159" type="method" name="simpleMovingAverage" visibility="public" complexity="1" crap="1" count="1"/>
        <line num="2161" type="stmt" count="1"/>
        <line num="2172" type="method" name="mathSquareRoot" visibility="public" complexity="1" crap="1" count="1"/>
        <line num="2174" type="stmt" count="1"/>
        <line num="2186" type="method" name="standardDeviation" visibility="public" complexity="1" crap="1" count="1"/>
        <line num="2188" type="stmt" count="1"/>
        <line num="2205" type="method" name="stochastic" visibility="public" complexity="1" crap="1" count="1"/>
        <line num="2207" type="stmt" count="1"/>
        <line num="2222" type="method" name="stochasticFast" visibility="public" complexity="1" crap="1" count="1"/>
        <line num="2224" type="stmt" count="1"/>
        <line num="2238" type="method" name="stochasticRelativeStrengthIndex" visibility="public" complexity="1" crap="1" count="1"/>
        <line num="2240" type="stmt" count="1"/>
        <line num="2252" type="method" name="mathSubtraction" visibility="public" complexity="1" crap="1" count="1"/>
        <line num="2254" type="stmt" count="1"/>
        <line num="2265" type="method" name="mathSummation" visibility="public" complexity="1" crap="1" count="1"/>
        <line num="2267" type="stmt" count="1"/>
        <line num="2279" type="method" name="tripleExponentialMovingAverageT3" visibility="public" complexity="1" crap="1" count="1"/>
        <line num="2281" type="stmt" count="1"/>
        <line num="2292" type="method" name="mathTangent" visibility="public" complexity="1" crap="1" count="1"/>
        <line num="2294" type="stmt" count="1"/>
        <line num="2305" type="method" name="mathHyperbolicTangent" visibility="public" complexity="1" crap="1" count="1"/>
        <line num="2307" type="stmt" count="1"/>
        <line num="2318" type="method" name="tripleExponentialMovingAverage" visibility="public" complexity="1" crap="1" count="1"/>
        <line num="2320" type="stmt" count="1"/>
        <line num="2332" type="method" name="trueRange" visibility="public" complexity="1" crap="1" count="1"/>
        <line num="2334" type="stmt" count="1"/>
        <line num="2345" type="method" name="triangularMovingAverage" visibility="public" complexity="1" crap="1" count="1"/>
        <line num="2347" type="stmt" count="1"/>
        <line num="2358" type="method" name="tripleExponentialAverage" visibility="public" complexity="1" crap="1" count="1"/>
        <line num="2360" type="stmt" count="1"/>
        <line num="2371" type="method" name="timeSeriesForecast" visibility="public" complexity="1" crap="1" count="1"/>
        <line num="2373" type="stmt" count="1"/>
        <line num="2385" type="method" name="typicalPrice" visibility="public" complexity="1" crap="1" count="1"/>
        <line num="2387" type="stmt" count="1"/>
        <line num="2402" type="method" name="ultimateOscillator" visibility="public" complexity="1" crap="1" count="1"/>
        <line num="2404" type="stmt" count="1"/>
        <line num="2416" type="method" name="variance" visibility="public" complexity="1" crap="1" count="1"/>
        <line num="2418" type="stmt" count="1"/>
        <line num="2430" type="method" name="weightedClosePrice" visibility="public" complexity="1" crap="1" count="1"/>
        <line num="2432" type="stmt" count="1"/>
        <line num="2445" type="method" name="williamsR" visibility="public" complexity="1" crap="1" count="1"/>
        <line num="2447" type="stmt" count="1"/>
        <line num="2458" type="method" name="weightedMovingAverage" visibility="public" complexity="1" crap="1" count="1"/>
        <line num="2460" type="stmt" count="1"/>
        <metrics loc="2464" ncloc="828" classes="1" methods="163" coveredmethods="158" conditionals="0" coveredconditionals="0" statements="163" coveredstatements="158" elements="326" coveredelements="316"/>
      </file>
      <file name="C:\inetpub\phpTraderInterface\source/TraderTrait.php">
        <class name="TraderTrait" namespace="LupeCode\phpTraderInterface" fullPackage="LupeCode" package="LupeCode">
          <metrics complexity="183" methods="164" coveredmethods="158" conditionals="0" coveredconditionals="0" statements="640" coveredstatements="588" elements="804" coveredelements="746"/>
        </class>
        <line num="72" type="method" name="checkForError" visibility="private" complexity="20" crap="336.58" count="316"/>
        <line num="74" type="stmt" count="316"/>
        <line num="75" type="stmt" count="316"/>
        <line num="76" type="stmt" count="316"/>
        <line num="78" type="stmt" count="0"/>
        <line num="79" type="stmt" count="0"/>
        <line num="81" type="stmt" count="0"/>
        <line num="82" type="stmt" count="0"/>
        <line num="84" type="stmt" count="0"/>
        <line num="85" type="stmt" count="0"/>
        <line num="87" type="stmt" count="0"/>
        <line num="88" type="stmt" count="0"/>
        <line num="90" type="stmt" count="0"/>
        <line num="91" type="stmt" count="0"/>
        <line num="93" type="stmt" count="0"/>
        <line num="94" type="stmt" count="0"/>
        <line num="96" type="stmt" count="0"/>
        <line num="97" type="stmt" count="0"/>
        <line num="99" type="stmt" count="0"/>
        <line num="100" type="stmt" count="0"/>
        <line num="102" type="stmt" count="0"/>
        <line num="103" type="stmt" count="0"/>
        <line num="105" type="stmt" count="0"/>
        <line num="106" type="stmt" count="0"/>
        <line num="108" type="stmt" count="0"/>
        <line num="109" type="stmt" count="0"/>
        <line num="111" type="stmt" count="0"/>
        <line num="112" type="stmt" count="0"/>
        <line num="114" type="stmt" count="0"/>
        <line num="115" type="stmt" count="0"/>
        <line num="117" type="stmt" count="0"/>
        <line num="118" type="stmt" count="0"/>
        <line num="120" type="stmt" count="0"/>
        <line num="121" type="stmt" count="0"/>
        <line num="123" type="stmt" count="0"/>
        <line num="124" type="stmt" count="0"/>
        <line num="126" type="stmt" count="0"/>
        <line num="127" type="stmt" count="0"/>
        <line num="129" type="stmt" count="0"/>
        <line num="130" type="stmt" count="0"/>
        <line num="133" type="stmt" count="0"/>
        <line num="142" type="method" name="acos" visibility="public" complexity="1" crap="1" count="2"/>
        <line num="144" type="stmt" count="2"/>
        <line num="145" type="stmt" count="2"/>
        <line num="147" type="stmt" count="2"/>
        <line num="160" type="method" name="ad" visibility="public" complexity="1" crap="1" count="2"/>
        <line num="162" type="stmt" count="2"/>
        <line num="163" type="stmt" count="2"/>
        <line num="165" type="stmt" count="2"/>
        <line num="176" type="method" name="add" visibility="public" complexity="1" crap="1" count="2"/>
        <line num="178" type="stmt" count="2"/>
        <line num="179" type="stmt" count="2"/>
        <line num="181" type="stmt" count="2"/>
        <line num="196" type="method" name="adosc" visibility="public" complexity="1" crap="1" count="2"/>
        <line num="198" type="stmt" count="2"/>
        <line num="199" type="stmt" count="2"/>
        <line num="200" type="stmt" count="2"/>
        <line num="201" type="stmt" count="2"/>
        <line num="203" type="stmt" count="2"/>
        <line num="216" type="method" name="adx" visibility="public" complexity="1" crap="1" count="2"/>
        <line num="218" type="stmt" count="2"/>
        <line num="219" type="stmt" count="2"/>
        <line num="220" type="stmt" count="2"/>
        <line num="222" type="stmt" count="2"/>
        <line num="235" type="method" name="adxr" visibility="public" complexity="1" crap="1" count="2"/>
        <line num="237" type="stmt" count="2"/>
        <line num="238" type="stmt" count="2"/>
        <line num="239" type="stmt" count="2"/>
        <line num="241" type="stmt" count="2"/>
        <line num="254" type="method" name="apo" visibility="public" complexity="1" crap="1" count="2"/>
        <line num="256" type="stmt" count="2"/>
        <line num="257" type="stmt" count="2"/>
        <line num="258" type="stmt" count="2"/>
        <line num="259" type="stmt" count="2"/>
        <line num="260" type="stmt" count="2"/>
        <line num="262" type="stmt" count="2"/>
        <line num="274" type="method" name="aroon" visibility="public" complexity="1" crap="1" count="2"/>
        <line num="276" type="stmt" count="2"/>
        <line num="277" type="stmt" count="2"/>
        <line num="278" type="stmt" count="2"/>
        <line num="280" type="stmt" count="2"/>
        <line num="292" type="method" name="aroonosc" visibility="public" complexity="1" crap="1" count="2"/>
        <line num="294" type="stmt" count="2"/>
        <line num="295" type="stmt" count="2"/>
        <line num="296" type="stmt" count="2"/>
        <line num="298" type="stmt" count="2"/>
        <line num="309" type="method" name="asin" visibility="public" complexity="1" crap="1" count="2"/>
        <line num="311" type="stmt" count="2"/>
        <line num="312" type="stmt" count="2"/>
        <line num="314" type="stmt" count="2"/>
        <line num="325" type="method" name="atan" visibility="public" complexity="1" crap="1" count="2"/>
        <line num="327" type="stmt" count="2"/>
        <line num="328" type="stmt" count="2"/>
        <line num="330" type="stmt" count="2"/>
        <line num="343" type="method" name="atr" visibility="public" complexity="1" crap="1" count="2"/>
        <line num="345" type="stmt" count="2"/>
        <line num="346" type="stmt" count="2"/>
        <line num="347" type="stmt" count="2"/>
        <line num="349" type="stmt" count="2"/>
        <line num="362" type="method" name="avgprice" visibility="public" complexity="1" crap="1" count="2"/>
        <line num="364" type="stmt" count="2"/>
        <line num="365" type="stmt" count="2"/>
        <line num="367" type="stmt" count="2"/>
        <line num="381" type="method" name="bbands" visibility="public" complexity="1" crap="1" count="2"/>
        <line num="383" type="stmt" count="2"/>
        <line num="384" type="stmt" count="2"/>
        <line num="385" type="stmt" count="2"/>
        <line num="386" type="stmt" count="2"/>
        <line num="387" type="stmt" count="2"/>
        <line num="388" type="stmt" count="2"/>
        <line num="390" type="stmt" count="2"/>
        <line num="402" type="method" name="beta" visibility="public" complexity="1" crap="1" count="2"/>
        <line num="404" type="stmt" count="2"/>
        <line num="405" type="stmt" count="2"/>
        <line num="406" type="stmt" count="2"/>
        <line num="408" type="stmt" count="2"/>
        <line num="421" type="method" name="bop" visibility="public" complexity="1" crap="1" count="2"/>
        <line num="423" type="stmt" count="2"/>
        <line num="424" type="stmt" count="2"/>
        <line num="426" type="stmt" count="2"/>
        <line num="439" type="method" name="cci" visibility="public" complexity="1" crap="1" count="2"/>
        <line num="441" type="stmt" count="2"/>
        <line num="442" type="stmt" count="2"/>
        <line num="443" type="stmt" count="2"/>
        <line num="445" type="stmt" count="2"/>
        <line num="458" type="method" name="cdl2crows" visibility="public" complexity="1" crap="1" count="2"/>
        <line num="460" type="stmt" count="2"/>
        <line num="461" type="stmt" count="2"/>
        <line num="463" type="stmt" count="2"/>
        <line num="476" type="method" name="cdl3blackcrows" visibility="public" complexity="1" crap="1" count="2"/>
        <line num="478" type="stmt" count="2"/>
        <line num="479" type="stmt" count="2"/>
        <line num="481" type="stmt" count="2"/>
        <line num="494" type="method" name="cdl3inside" visibility="public" complexity="1" crap="1" count="2"/>
        <line num="496" type="stmt" count="2"/>
        <line num="497" type="stmt" count="2"/>
        <line num="499" type="stmt" count="2"/>
        <line num="512" type="method" name="cdl3linestrike" visibility="public" complexity="1" crap="1" count="2"/>
        <line num="514" type="stmt" count="2"/>
        <line num="515" type="stmt" count="2"/>
        <line num="517" type="stmt" count="2"/>
        <line num="530" type="method" name="cdl3outside" visibility="public" complexity="1" crap="1" count="2"/>
        <line num="532" type="stmt" count="2"/>
        <line num="533" type="stmt" count="2"/>
        <line num="535" type="stmt" count="2"/>
        <line num="548" type="method" name="cdl3starsinsouth" visibility="public" complexity="1" crap="1" count="2"/>
        <line num="550" type="stmt" count="2"/>
        <line num="551" type="stmt" count="2"/>
        <line num="553" type="stmt" count="2"/>
        <line num="566" type="method" name="cdl3whitesoldiers" visibility="public" complexity="1" crap="1" count="2"/>
        <line num="568" type="stmt" count="2"/>
        <line num="569" type="stmt" count="2"/>
        <line num="571" type="stmt" count="2"/>
        <line num="585" type="method" name="cdlabandonedbaby" visibility="public" complexity="1" crap="1" count="2"/>
        <line num="587" type="stmt" count="2"/>
        <line num="588" type="stmt" count="2"/>
        <line num="589" type="stmt" count="2"/>
        <line num="591" type="stmt" count="2"/>
        <line num="604" type="method" name="cdladvanceblock" visibility="public" complexity="1" crap="1" count="2"/>
        <line num="606" type="stmt" count="2"/>
        <line num="607" type="stmt" count="2"/>
        <line num="609" type="stmt" count="2"/>
        <line num="622" type="method" name="cdlbelthold" visibility="public" complexity="1" crap="1" count="2"/>
        <line num="624" type="stmt" count="2"/>
        <line num="625" type="stmt" count="2"/>
        <line num="627" type="stmt" count="2"/>
        <line num="640" type="method" name="cdlbreakaway" visibility="public" complexity="1" crap="1" count="2"/>
        <line num="642" type="stmt" count="2"/>
        <line num="643" type="stmt" count="2"/>
        <line num="645" type="stmt" count="2"/>
        <line num="658" type="method" name="cdlclosingmarubozu" visibility="public" complexity="1" crap="1" count="2"/>
        <line num="660" type="stmt" count="2"/>
        <line num="661" type="stmt" count="2"/>
        <line num="663" type="stmt" count="2"/>
        <line num="676" type="method" name="cdlconcealbabyswall" visibility="public" complexity="1" crap="1" count="2"/>
        <line num="678" type="stmt" count="2"/>
        <line num="679" type="stmt" count="2"/>
        <line num="681" type="stmt" count="2"/>
        <line num="694" type="method" name="cdlcounterattack" visibility="public" complexity="1" crap="1" count="2"/>
        <line num="696" type="stmt" count="2"/>
        <line num="697" type="stmt" count="2"/>
        <line num="699" type="stmt" count="2"/>
        <line num="713" type="method" name="cdldarkcloudcover" visibility="public" complexity="1" crap="1" count="2"/>
        <line num="715" type="stmt" count="2"/>
        <line num="716" type="stmt" count="2"/>
        <line num="717" type="stmt" count="2"/>
        <line num="719" type="stmt" count="2"/>
        <line num="732" type="method" name="cdldoji" visibility="public" complexity="1" crap="1" count="2"/>
        <line num="734" type="stmt" count="2"/>
        <line num="735" type="stmt" count="2"/>
        <line num="737" type="stmt" count="2"/>
        <line num="750" type="method" name="cdldojistar" visibility="public" complexity="1" crap="1" count="2"/>
        <line num="752" type="stmt" count="2"/>
        <line num="753" type="stmt" count="2"/>
        <line num="755" type="stmt" count="2"/>
        <line num="768" type="method" name="cdldragonflydoji" visibility="public" complexity="1" crap="1" count="2"/>
        <line num="770" type="stmt" count="2"/>
        <line num="771" type="stmt" count="2"/>
        <line num="773" type="stmt" count="2"/>
        <line num="786" type="method" name="cdlengulfing" visibility="public" complexity="1" crap="1" count="2"/>
        <line num="788" type="stmt" count="2"/>
        <line num="789" type="stmt" count="2"/>
        <line num="791" type="stmt" count="2"/>
        <line num="805" type="method" name="cdleveningdojistar" visibility="public" complexity="1" crap="1" count="2"/>
        <line num="807" type="stmt" count="2"/>
        <line num="808" type="stmt" count="2"/>
        <line num="809" type="stmt" count="2"/>
        <line num="811" type="stmt" count="2"/>
        <line num="825" type="method" name="cdleveningstar" visibility="public" complexity="1" crap="1" count="2"/>
        <line num="827" type="stmt" count="2"/>
        <line num="828" type="stmt" count="2"/>
        <line num="829" type="stmt" count="2"/>
        <line num="831" type="stmt" count="2"/>
        <line num="844" type="method" name="cdlgapsidesidewhite" visibility="public" complexity="1" crap="1" count="2"/>
        <line num="846" type="stmt" count="2"/>
        <line num="847" type="stmt" count="2"/>
        <line num="849" type="stmt" count="2"/>
        <line num="862" type="method" name="cdlgravestonedoji" visibility="public" complexity="1" crap="1" count="2"/>
        <line num="864" type="stmt" count="2"/>
        <line num="865" type="stmt" count="2"/>
        <line num="867" type="stmt" count="2"/>
        <line num="880" type="method" name="cdlhammer" visibility="public" complexity="1" crap="1" count="2"/>
        <line num="882" type="stmt" count="2"/>
        <line num="883" type="stmt" count="2"/>
        <line num="885" type="stmt" count="2"/>
        <line num="898" type="method" name="cdlhangingman" visibility="public" complexity="1" crap="1" count="2"/>
        <line num="900" type="stmt" count="2"/>
        <line num="901" type="stmt" count="2"/>
        <line num="903" type="stmt" count="2"/>
        <line num="916" type="method" name="cdlharami" visibility="public" complexity="1" crap="1" count="2"/>
        <line num="918" type="stmt" count="2"/>
        <line num="919" type="stmt" count="2"/>
        <line num="921" type="stmt" count="2"/>
        <line num="934" type="method" name="cdlharamicross" visibility="public" complexity="1" crap="1" count="2"/>
        <line num="936" type="stmt" count="2"/>
        <line num="937" type="stmt" count="2"/>
        <line num="939" type="stmt" count="2"/>
        <line num="952" type="method" name="cdlhighwave" visibility="public" complexity="1" crap="1" count="2"/>
        <line num="954" type="stmt" count="2"/>
        <line num="955" type="stmt" count="2"/>
        <line num="957" type="stmt" count="2"/>
        <line num="970" type="method" name="cdlhikkake" visibility="public" complexity="1" crap="1" count="2"/>
        <line num="972" type="stmt" count="2"/>
        <line num="973" type="stmt" count="2"/>
        <line num="975" type="stmt" count="2"/>
        <line num="988" type="method" name="cdlhikkakemod" visibility="public" complexity="1" crap="1" count="2"/>
        <line num="990" type="stmt" count="2"/>
        <line num="991" type="stmt" count="2"/>
        <line num="993" type="stmt" count="2"/>
        <line num="1006" type="method" name="cdlhomingpigeon" visibility="public" complexity="1" crap="1" count="2"/>
        <line num="1008" type="stmt" count="2"/>
        <line num="1009" type="stmt" count="2"/>
        <line num="1011" type="stmt" count="2"/>
        <line num="1024" type="method" name="cdlidentical3crows" visibility="public" complexity="1" crap="1" count="2"/>
        <line num="1026" type="stmt" count="2"/>
        <line num="1027" type="stmt" count="2"/>
        <line num="1029" type="stmt" count="2"/>
        <line num="1042" type="method" name="cdlinneck" visibility="public" complexity="1" crap="1" count="2"/>
        <line num="1044" type="stmt" count="2"/>
        <line num="1045" type="stmt" count="2"/>
        <line num="1047" type="stmt" count="2"/>
        <line num="1060" type="method" name="cdlinvertedhammer" visibility="public" complexity="1" crap="1" count="2"/>
        <line num="1062" type="stmt" count="2"/>
        <line num="1063" type="stmt" count="2"/>
        <line num="1065" type="stmt" count="2"/>
        <line num="1078" type="method" name="cdlkicking" visibility="public" complexity="1" crap="1" count="2"/>
        <line num="1080" type="stmt" count="2"/>
        <line num="1081" type="stmt" count="2"/>
        <line num="1083" type="stmt" count="2"/>
        <line num="1096" type="method" name="cdlkickingbylength" visibility="public" complexity="1" crap="1" count="2"/>
        <line num="1098" type="stmt" count="2"/>
        <line num="1099" type="stmt" count="2"/>
        <line num="1101" type="stmt" count="2"/>
        <line num="1114" type="method" name="cdlladderbottom" visibility="public" complexity="1" crap="1" count="2"/>
        <line num="1116" type="stmt" count="2"/>
        <line num="1117" type="stmt" count="2"/>
        <line num="1119" type="stmt" count="2"/>
        <line num="1132" type="method" name="cdllongleggeddoji" visibility="public" complexity="1" crap="1" count="2"/>
        <line num="1134" type="stmt" count="2"/>
        <line num="1135" type="stmt" count="2"/>
        <line num="1137" type="stmt" count="2"/>
        <line num="1150" type="method" name="cdllongline" visibility="public" complexity="1" crap="1" count="2"/>
        <line num="1152" type="stmt" count="2"/>
        <line num="1153" type="stmt" count="2"/>
        <line num="1155" type="stmt" count="2"/>
        <line num="1168" type="method" name="cdlmarubozu" visibility="public" complexity="1" crap="1" count="2"/>
        <line num="1170" type="stmt" count="2"/>
        <line num="1171" type="stmt" count="2"/>
        <line num="1173" type="stmt" count="2"/>
        <line num="1186" type="method" name="cdlmatchinglow" visibility="public" complexity="1" crap="1" count="2"/>
        <line num="1188" type="stmt" count="2"/>
        <line num="1189" type="stmt" count="2"/>
        <line num="1191" type="stmt" count="2"/>
        <line num="1205" type="method" name="cdlmathold" visibility="public" complexity="1" crap="1" count="2"/>
        <line num="1207" type="stmt" count="2"/>
        <line num="1208" type="stmt" count="2"/>
        <line num="1209" type="stmt" count="2"/>
        <line num="1211" type="stmt" count="2"/>
        <line num="1225" type="method" name="cdlmorningdojistar" visibility="public" complexity="1" crap="1" count="2"/>
        <line num="1227" type="stmt" count="2"/>
        <line num="1228" type="stmt" count="2"/>
        <line num="1229" type="stmt" count="2"/>
        <line num="1231" type="stmt" count="2"/>
        <line num="1245" type="method" name="cdlmorningstar" visibility="public" complexity="1" crap="1" count="2"/>
        <line num="1247" type="stmt" count="2"/>
        <line num="1248" type="stmt" count="2"/>
        <line num="1249" type="stmt" count="2"/>
        <line num="1251" type="stmt" count="2"/>
        <line num="1264" type="method" name="cdlonneck" visibility="public" complexity="1" crap="1" count="2"/>
        <line num="1266" type="stmt" count="2"/>
        <line num="1267" type="stmt" count="2"/>
        <line num="1269" type="stmt" count="2"/>
        <line num="1282" type="method" name="cdlpiercing" visibility="public" complexity="1" crap="1" count="2"/>
        <line num="1284" type="stmt" count="2"/>
        <line num="1285" type="stmt" count="2"/>
        <line num="1287" type="stmt" count="2"/>
        <line num="1300" type="method" name="cdlrickshawman" visibility="public" complexity="1" crap="1" count="2"/>
        <line num="1302" type="stmt" count="2"/>
        <line num="1303" type="stmt" count="2"/>
        <line num="1305" type="stmt" count="2"/>
        <line num="1318" type="method" name="cdlrisefall3methods" visibility="public" complexity="1" crap="1" count="2"/>
        <line num="1320" type="stmt" count="2"/>
        <line num="1321" type="stmt" count="2"/>
        <line num="1323" type="stmt" count="2"/>
        <line num="1336" type="method" name="cdlseparatinglines" visibility="public" complexity="1" crap="1" count="2"/>
        <line num="1338" type="stmt" count="2"/>
        <line num="1339" type="stmt" count="2"/>
        <line num="1341" type="stmt" count="2"/>
        <line num="1354" type="method" name="cdlshootingstar" visibility="public" complexity="1" crap="1" count="2"/>
        <line num="1356" type="stmt" count="2"/>
        <line num="1357" type="stmt" count="2"/>
        <line num="1359" type="stmt" count="2"/>
        <line num="1372" type="method" name="cdlshortline" visibility="public" complexity="1" crap="1" count="2"/>
        <line num="1374" type="stmt" count="2"/>
        <line num="1375" type="stmt" count="2"/>
        <line num="1377" type="stmt" count="2"/>
        <line num="1390" type="method" name="cdlspinningtop" visibility="public" complexity="1" crap="1" count="2"/>
        <line num="1392" type="stmt" count="2"/>
        <line num="1393" type="stmt" count="2"/>
        <line num="1395" type="stmt" count="2"/>
        <line num="1408" type="method" name="cdlstalledpattern" visibility="public" complexity="1" crap="1" count="2"/>
        <line num="1410" type="stmt" count="2"/>
        <line num="1411" type="stmt" count="2"/>
        <line num="1413" type="stmt" count="2"/>
        <line num="1426" type="method" name="cdlsticksandwich" visibility="public" complexity="1" crap="1" count="2"/>
        <line num="1428" type="stmt" count="2"/>
        <line num="1429" type="stmt" count="2"/>
        <line num="1431" type="stmt" count="2"/>
        <line num="1444" type="method" name="cdltakuri" visibility="public" complexity="1" crap="1" count="2"/>
        <line num="1446" type="stmt" count="2"/>
        <line num="1447" type="stmt" count="2"/>
        <line num="1449" type="stmt" count="2"/>
        <line num="1462" type="method" name="cdltasukigap" visibility="public" complexity="1" crap="1" count="2"/>
        <line num="1464" type="stmt" count="2"/>
        <line num="1465" type="stmt" count="2"/>
        <line num="1467" type="stmt" count="2"/>
        <line num="1480" type="method" name="cdlthrusting" visibility="public" complexity="1" crap="1" count="2"/>
        <line num="1482" type="stmt" count="2"/>
        <line num="1483" type="stmt" count="2"/>
        <line num="1485" type="stmt" count="2"/>
        <line num="1498" type="method" name="cdltristar" visibility="public" complexity="1" crap="1" count="2"/>
        <line num="1500" type="stmt" count="2"/>
        <line num="1501" type="stmt" count="2"/>
        <line num="1503" type="stmt" count="2"/>
        <line num="1516" type="method" name="cdlunique3river" visibility="public" complexity="1" crap="1" count="2"/>
        <line num="1518" type="stmt" count="2"/>
        <line num="1519" type="stmt" count="2"/>
        <line num="1521" type="stmt" count="2"/>
        <line num="1534" type="method" name="cdlupsidegap2crows" visibility="public" complexity="1" crap="1" count="2"/>
        <line num="1536" type="stmt" count="2"/>
        <line num="1537" type="stmt" count="2"/>
        <line num="1539" type="stmt" count="2"/>
        <line num="1552" type="method" name="cdlxsidegap3methods" visibility="public" complexity="1" crap="1" count="2"/>
        <line num="1554" type="stmt" count="2"/>
        <line num="1555" type="stmt" count="2"/>
        <line num="1557" type="stmt" count="2"/>
        <line num="1568" type="method" name="ceil" visibility="public" complexity="1" crap="1" count="2"/>
        <line num="1570" type="stmt" count="2"/>
        <line num="1571" type="stmt" count="2"/>
        <line num="1573" type="stmt" count="2"/>
        <line num="1584" type="method" name="cmo" visibility="public" complexity="1" crap="1" count="2"/>
        <line num="1586" type="stmt" count="2"/>
        <line num="1587" type="stmt" count="2"/>
        <line num="1588" type="stmt" count="2"/>
        <line num="1590" type="stmt" count="2"/>
        <line num="1602" type="method" name="correl" visibility="public" complexity="1" crap="1" count="2"/>
        <line num="1604" type="stmt" count="2"/>
        <line num="1605" type="stmt" count="2"/>
        <line num="1606" type="stmt" count="2"/>
        <line num="1608" type="stmt" count="2"/>
        <line num="1619" type="method" name="cos" visibility="public" complexity="1" crap="1" count="2"/>
        <line num="1621" type="stmt" count="2"/>
        <line num="1622" type="stmt" count="2"/>
        <line num="1624" type="stmt" count="2"/>
        <line num="1635" type="method" name="cosh" visibility="public" complexity="1" crap="1" count="2"/>
        <line num="1637" type="stmt" count="2"/>
        <line num="1638" type="stmt" count="2"/>
        <line num="1640" type="stmt" count="2"/>
        <line num="1651" type="method" name="dema" visibility="public" complexity="1" crap="1" count="2"/>
        <line num="1653" type="stmt" count="2"/>
        <line num="1654" type="stmt" count="2"/>
        <line num="1655" type="stmt" count="2"/>
        <line num="1657" type="stmt" count="2"/>
        <line num="1669" type="method" name="div" visibility="public" complexity="1" crap="1" count="2"/>
        <line num="1671" type="stmt" count="2"/>
        <line num="1672" type="stmt" count="2"/>
        <line num="1674" type="stmt" count="2"/>
        <line num="1687" type="method" name="dx" visibility="public" complexity="1" crap="1" count="2"/>
        <line num="1689" type="stmt" count="2"/>
        <line num="1690" type="stmt" count="2"/>
        <line num="1691" type="stmt" count="2"/>
        <line num="1693" type="stmt" count="2"/>
        <line num="1704" type="method" name="ema" visibility="public" complexity="1" crap="1" count="2"/>
        <line num="1706" type="stmt" count="2"/>
        <line num="1707" type="stmt" count="2"/>
        <line num="1708" type="stmt" count="2"/>
        <line num="1710" type="stmt" count="2"/>
        <line num="1719" type="method" name="errno" visibility="public" complexity="1" crap="2" count="0"/>
        <line num="1721" type="stmt" count="0"/>
        <line num="1722" type="stmt" count="0"/>
        <line num="1724" type="stmt" count="0"/>
        <line num="1735" type="method" name="exp" visibility="public" complexity="1" crap="1" count="2"/>
        <line num="1737" type="stmt" count="2"/>
        <line num="1738" type="stmt" count="2"/>
        <line num="1740" type="stmt" count="2"/>
        <line num="1751" type="method" name="floor" visibility="public" complexity="1" crap="1" count="2"/>
        <line num="1753" type="stmt" count="2"/>
        <line num="1754" type="stmt" count="2"/>
        <line num="1756" type="stmt" count="2"/>
        <line num="1765" type="method" name="get_compat" visibility="public" complexity="1" crap="2" count="0"/>
        <line num="1767" type="stmt" count="0"/>
        <line num="1768" type="stmt" count="0"/>
        <line num="1770" type="stmt" count="0"/>
        <line num="1781" type="method" name="get_unstable_period" visibility="public" complexity="1" crap="2" count="0"/>
        <line num="1783" type="stmt" count="0"/>
        <line num="1784" type="stmt" count="0"/>
        <line num="1786" type="stmt" count="0"/>
        <line num="1796" type="method" name="ht_dcperiod" visibility="public" complexity="1" crap="1" count="2"/>
        <line num="1798" type="stmt" count="2"/>
        <line num="1799" type="stmt" count="2"/>
        <line num="1801" type="stmt" count="2"/>
        <line num="1811" type="method" name="ht_dcphase" visibility="public" complexity="1" crap="1" count="2"/>
        <line num="1813" type="stmt" count="2"/>
        <line num="1814" type="stmt" count="2"/>
        <line num="1816" type="stmt" count="2"/>
        <line num="1827" type="method" name="ht_phasor" visibility="public" complexity="1" crap="1" count="2"/>
        <line num="1829" type="stmt" count="2"/>
        <line num="1830" type="stmt" count="2"/>
        <line num="1832" type="stmt" count="2"/>
        <line num="1843" type="method" name="ht_sine" visibility="public" complexity="1" crap="1" count="2"/>
        <line num="1845" type="stmt" count="2"/>
        <line num="1846" type="stmt" count="2"/>
        <line num="1848" type="stmt" count="2"/>
        <line num="1858" type="method" name="ht_trendline" visibility="public" complexity="1" crap="1" count="2"/>
        <line num="1860" type="stmt" count="2"/>
        <line num="1861" type="stmt" count="2"/>
        <line num="1863" type="stmt" count="2"/>
        <line num="1873" type="method" name="ht_trendmode" visibility="public" complexity="1" crap="1" count="2"/>
        <line num="1875" type="stmt" count="2"/>
        <line num="1876" type="stmt" count="2"/>
        <line num="1878" type="stmt" count="2"/>
        <line num="1889" type="method" name="kama" visibility="public" complexity="1" crap="1" count="2"/>
        <line num="1891" type="stmt" count="2"/>
        <line num="1892" type="stmt" count="2"/>
        <line num="1893" type="stmt" count="2"/>
        <line num="1895" type="stmt" count="2"/>
        <line num="1906" type="method" name="linearreg_angle" visibility="public" complexity="1" crap="1" count="2"/>
        <line num="1908" type="stmt" count="2"/>
        <line num="1909" type="stmt" count="2"/>
        <line num="1910" type="stmt" count="2"/>
        <line num="1912" type="stmt" count="2"/>
        <line num="1923" type="method" name="linearreg_intercept" visibility="public" complexity="1" crap="1" count="2"/>
        <line num="1925" type="stmt" count="2"/>
        <line num="1926" type="stmt" count="2"/>
        <line num="1927" type="stmt" count="2"/>
        <line num="1929" type="stmt" count="2"/>
        <line num="1940" type="method" name="linearreg_slope" visibility="public" complexity="1" crap="1" count="2"/>
        <line num="1942" type="stmt" count="2"/>
        <line num="1943" type="stmt" count="2"/>
        <line num="1944" type="stmt" count="2"/>
        <line num="1946" type="stmt" count="2"/>
        <line num="1957" type="method" name="linearreg" visibility="public" complexity="1" crap="1" count="2"/>
        <line num="1959" type="stmt" count="2"/>
        <line num="1960" type="stmt" count="2"/>
        <line num="1961" type="stmt" count="2"/>
        <line num="1963" type="stmt" count="2"/>
        <line num="1974" type="method" name="ln" visibility="public" complexity="1" crap="1" count="2"/>
        <line num="1976" type="stmt" count="2"/>
        <line num="1977" type="stmt" count="2"/>
        <line num="1979" type="stmt" count="2"/>
        <line num="1990" type="method" name="log10" visibility="public" complexity="1" crap="1" count="2"/>
        <line num="1992" type="stmt" count="2"/>
        <line num="1993" type="stmt" count="2"/>
        <line num="1995" type="stmt" count="2"/>
        <line num="2007" type="method" name="ma" visibility="public" complexity="1" crap="1" count="2"/>
        <line num="2009" type="stmt" count="2"/>
        <line num="2010" type="stmt" count="2"/>
        <line num="2011" type="stmt" count="2"/>
        <line num="2012" type="stmt" count="2"/>
        <line num="2014" type="stmt" count="2"/>
        <line num="2027" type="method" name="macd" visibility="public" complexity="1" crap="1" count="2"/>
        <line num="2029" type="stmt" count="2"/>
        <line num="2030" type="stmt" count="2"/>
        <line num="2031" type="stmt" count="2"/>
        <line num="2032" type="stmt" count="2"/>
        <line num="2033" type="stmt" count="2"/>
        <line num="2035" type="stmt" count="2"/>
        <line num="2050" type="method" name="macdext" visibility="public" complexity="1" crap="1" count="2"/>
        <line num="2052" type="stmt" count="2"/>
        <line num="2053" type="stmt" count="2"/>
        <line num="2054" type="stmt" count="2"/>
        <line num="2055" type="stmt" count="2"/>
        <line num="2056" type="stmt" count="2"/>
        <line num="2057" type="stmt" count="2"/>
        <line num="2058" type="stmt" count="2"/>
        <line num="2060" type="stmt" count="2"/>
        <line num="2071" type="method" name="macdfix" visibility="public" complexity="1" crap="1" count="2"/>
        <line num="2073" type="stmt" count="2"/>
        <line num="2074" type="stmt" count="2"/>
        <line num="2075" type="stmt" count="2"/>
        <line num="2077" type="stmt" count="2"/>
        <line num="2089" type="method" name="mama" visibility="public" complexity="1" crap="1" count="2"/>
        <line num="2091" type="stmt" count="2"/>
        <line num="2092" type="stmt" count="2"/>
        <line num="2093" type="stmt" count="2"/>
        <line num="2094" type="stmt" count="2"/>
        <line num="2096" type="stmt" count="2"/>
        <line num="2110" type="method" name="mavp" visibility="public" complexity="1" crap="1" count="2"/>
        <line num="2112" type="stmt" count="2"/>
        <line num="2113" type="stmt" count="2"/>
        <line num="2114" type="stmt" count="2"/>
        <line num="2115" type="stmt" count="2"/>
        <line num="2116" type="stmt" count="2"/>
        <line num="2118" type="stmt" count="2"/>
        <line num="2129" type="method" name="max" visibility="public" complexity="1" crap="1" count="2"/>
        <line num="2131" type="stmt" count="2"/>
        <line num="2132" type="stmt" count="2"/>
        <line num="2133" type="stmt" count="2"/>
        <line num="2135" type="stmt" count="2"/>
        <line num="2146" type="method" name="maxindex" visibility="public" complexity="1" crap="1" count="2"/>
        <line num="2148" type="stmt" count="2"/>
        <line num="2149" type="stmt" count="2"/>
        <line num="2150" type="stmt" count="2"/>
        <line num="2152" type="stmt" count="2"/>
        <line num="2163" type="method" name="medprice" visibility="public" complexity="1" crap="1" count="2"/>
        <line num="2165" type="stmt" count="2"/>
        <line num="2166" type="stmt" count="2"/>
        <line num="2168" type="stmt" count="2"/>
        <line num="2182" type="method" name="mfi" visibility="public" complexity="1" crap="1" count="2"/>
        <line num="2184" type="stmt" count="2"/>
        <line num="2185" type="stmt" count="2"/>
        <line num="2186" type="stmt" count="2"/>
        <line num="2188" type="stmt" count="2"/>
        <line num="2199" type="method" name="midpoint" visibility="public" complexity="1" crap="1" count="2"/>
        <line num="2201" type="stmt" count="2"/>
        <line num="2202" type="stmt" count="2"/>
        <line num="2203" type="stmt" count="2"/>
        <line num="2205" type="stmt" count="2"/>
        <line num="2217" type="method" name="midprice" visibility="public" complexity="1" crap="1" count="2"/>
        <line num="2219" type="stmt" count="2"/>
        <line num="2220" type="stmt" count="2"/>
        <line num="2221" type="stmt" count="2"/>
        <line num="2223" type="stmt" count="2"/>
        <line num="2234" type="method" name="min" visibility="public" complexity="1" crap="1" count="2"/>
        <line num="2236" type="stmt" count="2"/>
        <line num="2237" type="stmt" count="2"/>
        <line num="2238" type="stmt" count="2"/>
        <line num="2240" type="stmt" count="2"/>
        <line num="2251" type="method" name="minindex" visibility="public" complexity="1" crap="1" count="2"/>
        <line num="2253" type="stmt" count="2"/>
        <line num="2254" type="stmt" count="2"/>
        <line num="2255" type="stmt" count="2"/>
        <line num="2257" type="stmt" count="2"/>
        <line num="2268" type="method" name="minmax" visibility="public" complexity="1" crap="1" count="2"/>
        <line num="2270" type="stmt" count="2"/>
        <line num="2271" type="stmt" count="2"/>
        <line num="2272" type="stmt" count="2"/>
        <line num="2274" type="stmt" count="2"/>
        <line num="2285" type="method" name="minmaxindex" visibility="public" complexity="1" crap="1" count="2"/>
        <line num="2287" type="stmt" count="2"/>
        <line num="2288" type="stmt" count="2"/>
        <line num="2289" type="stmt" count="2"/>
        <line num="2291" type="stmt" count="2"/>
        <line num="2304" type="method" name="minus_di" visibility="public" complexity="1" crap="1" count="2"/>
        <line num="2306" type="stmt" count="2"/>
        <line num="2307" type="stmt" count="2"/>
        <line num="2308" type="stmt" count="2"/>
        <line num="2310" type="stmt" count="2"/>
        <line num="2322" type="method" name="minus_dm" visibility="public" complexity="1" crap="1" count="2"/>
        <line num="2324" type="stmt" count="2"/>
        <line num="2325" type="stmt" count="2"/>
        <line num="2326" type="stmt" count="2"/>
        <line num="2328" type="stmt" count="2"/>
        <line num="2339" type="method" name="mom" visibility="public" complexity="1" crap="1" count="2"/>
        <line num="2341" type="stmt" count="2"/>
        <line num="2342" type="stmt" count="2"/>
        <line num="2343" type="stmt" count="2"/>
        <line num="2345" type="stmt" count="2"/>
        <line num="2357" type="method" name="mult" visibility="public" complexity="1" crap="1" count="2"/>
        <line num="2359" type="stmt" count="2"/>
        <line num="2360" type="stmt" count="2"/>
        <line num="2362" type="stmt" count="2"/>
        <line num="2375" type="method" name="natr" visibility="public" complexity="1" crap="1" count="2"/>
        <line num="2377" type="stmt" count="2"/>
        <line num="2378" type="stmt" count="2"/>
        <line num="2379" type="stmt" count="2"/>
        <line num="2381" type="stmt" count="2"/>
        <line num="2392" type="method" name="obv" visibility="public" complexity="1" crap="1" count="2"/>
        <line num="2394" type="stmt" count="2"/>
        <line num="2395" type="stmt" count="2"/>
        <line num="2397" type="stmt" count="2"/>
        <line num="2410" type="method" name="plus_di" visibility="public" complexity="1" crap="1" count="2"/>
        <line num="2412" type="stmt" count="2"/>
        <line num="2413" type="stmt" count="2"/>
        <line num="2414" type="stmt" count="2"/>
        <line num="2416" type="stmt" count="2"/>
        <line num="2428" type="method" name="plus_dm" visibility="public" complexity="1" crap="1" count="2"/>
        <line num="2430" type="stmt" count="2"/>
        <line num="2431" type="stmt" count="2"/>
        <line num="2432" type="stmt" count="2"/>
        <line num="2434" type="stmt" count="2"/>
        <line num="2447" type="method" name="ppo" visibility="public" complexity="1" crap="1" count="2"/>
        <line num="2449" type="stmt" count="2"/>
        <line num="2450" type="stmt" count="2"/>
        <line num="2451" type="stmt" count="2"/>
        <line num="2452" type="stmt" count="2"/>
        <line num="2453" type="stmt" count="2"/>
        <line num="2455" type="stmt" count="2"/>
        <line num="2466" type="method" name="roc" visibility="public" complexity="1" crap="1" count="2"/>
        <line num="2468" type="stmt" count="2"/>
        <line num="2469" type="stmt" count="2"/>
        <line num="2470" type="stmt" count="2"/>
        <line num="2472" type="stmt" count="2"/>
        <line num="2483" type="method" name="rocp" visibility="public" complexity="1" crap="1" count="2"/>
        <line num="2485" type="stmt" count="2"/>
        <line num="2486" type="stmt" count="2"/>
        <line num="2487" type="stmt" count="2"/>
        <line num="2489" type="stmt" count="2"/>
        <line num="2500" type="method" name="rocr100" visibility="public" complexity="1" crap="1" count="2"/>
        <line num="2502" type="stmt" count="2"/>
        <line num="2503" type="stmt" count="2"/>
        <line num="2504" type="stmt" count="2"/>
        <line num="2506" type="stmt" count="2"/>
        <line num="2517" type="method" name="rocr" visibility="public" complexity="1" crap="1" count="2"/>
        <line num="2519" type="stmt" count="2"/>
        <line num="2520" type="stmt" count="2"/>
        <line num="2521" type="stmt" count="2"/>
        <line num="2523" type="stmt" count="2"/>
        <line num="2534" type="method" name="rsi" visibility="public" complexity="1" crap="1" count="2"/>
        <line num="2536" type="stmt" count="2"/>
        <line num="2537" type="stmt" count="2"/>
        <line num="2538" type="stmt" count="2"/>
        <line num="2540" type="stmt" count="2"/>
        <line num="2553" type="method" name="sar" visibility="public" complexity="1" crap="1" count="2"/>
        <line num="2555" type="stmt" count="2"/>
        <line num="2556" type="stmt" count="2"/>
        <line num="2557" type="stmt" count="2"/>
        <line num="2558" type="stmt" count="2"/>
        <line num="2560" type="stmt" count="2"/>
        <line num="2579" type="method" name="sarext" visibility="public" complexity="1" crap="1" count="2"/>
        <line num="2581" type="stmt" count="2"/>
        <line num="2582" type="stmt" count="2"/>
        <line num="2583" type="stmt" count="2"/>
        <line num="2584" type="stmt" count="2"/>
        <line num="2585" type="stmt" count="2"/>
        <line num="2586" type="stmt" count="2"/>
        <line num="2587" type="stmt" count="2"/>
        <line num="2588" type="stmt" count="2"/>
        <line num="2589" type="stmt" count="2"/>
        <line num="2590" type="stmt" count="2"/>
        <line num="2592" type="stmt" count="2"/>
        <line num="2601" type="method" name="set_compat" visibility="public" complexity="1" crap="2" count="0"/>
        <line num="2603" type="stmt" count="0"/>
        <line num="2604" type="stmt" count="0"/>
        <line num="2606" type="stmt" count="0"/>
        <line num="2616" type="method" name="set_unstable_period" visibility="public" complexity="1" crap="2" count="0"/>
        <line num="2618" type="stmt" count="0"/>
        <line num="2619" type="stmt" count="0"/>
        <line num="2621" type="stmt" count="0"/>
        <line num="2632" type="method" name="sin" visibility="public" complexity="1" crap="1" count="2"/>
        <line num="2634" type="stmt" count="2"/>
        <line num="2635" type="stmt" count="2"/>
        <line num="2637" type="stmt" count="2"/>
        <line num="2648" type="method" name="sinh" visibility="public" complexity="1" crap="1" count="2"/>
        <line num="2650" type="stmt" count="2"/>
        <line num="2651" type="stmt" count="2"/>
        <line num="2653" type="stmt" count="2"/>
        <line num="2664" type="method" name="sma" visibility="public" complexity="1" crap="1" count="2"/>
        <line num="2666" type="stmt" count="2"/>
        <line num="2667" type="stmt" count="2"/>
        <line num="2668" type="stmt" count="2"/>
        <line num="2670" type="stmt" count="2"/>
        <line num="2681" type="method" name="sqrt" visibility="public" complexity="1" crap="1" count="2"/>
        <line num="2683" type="stmt" count="2"/>
        <line num="2684" type="stmt" count="2"/>
        <line num="2686" type="stmt" count="2"/>
        <line num="2698" type="method" name="stddev" visibility="public" complexity="1" crap="1" count="2"/>
        <line num="2700" type="stmt" count="2"/>
        <line num="2701" type="stmt" count="2"/>
        <line num="2702" type="stmt" count="2"/>
        <line num="2703" type="stmt" count="2"/>
        <line num="2705" type="stmt" count="2"/>
        <line num="2722" type="method" name="stoch" visibility="public" complexity="1" crap="1" count="2"/>
        <line num="2724" type="stmt" count="2"/>
        <line num="2725" type="stmt" count="2"/>
        <line num="2726" type="stmt" count="2"/>
        <line num="2727" type="stmt" count="2"/>
        <line num="2728" type="stmt" count="2"/>
        <line num="2729" type="stmt" count="2"/>
        <line num="2730" type="stmt" count="2"/>
        <line num="2732" type="stmt" count="2"/>
        <line num="2747" type="method" name="stochf" visibility="public" complexity="1" crap="1" count="2"/>
        <line num="2749" type="stmt" count="2"/>
        <line num="2750" type="stmt" count="2"/>
        <line num="2751" type="stmt" count="2"/>
        <line num="2752" type="stmt" count="2"/>
        <line num="2753" type="stmt" count="2"/>
        <line num="2755" type="stmt" count="2"/>
        <line num="2769" type="method" name="stochrsi" visibility="public" complexity="1" crap="1" count="2"/>
        <line num="2771" type="stmt" count="2"/>
        <line num="2772" type="stmt" count="2"/>
        <line num="2773" type="stmt" count="2"/>
        <line num="2774" type="stmt" count="2"/>
        <line num="2775" type="stmt" count="2"/>
        <line num="2776" type="stmt" count="2"/>
        <line num="2778" type="stmt" count="2"/>
        <line num="2790" type="method" name="sub" visibility="public" complexity="1" crap="1" count="2"/>
        <line num="2792" type="stmt" count="2"/>
        <line num="2793" type="stmt" count="2"/>
        <line num="2795" type="stmt" count="2"/>
        <line num="2806" type="method" name="sum" visibility="public" complexity="1" crap="1" count="2"/>
        <line num="2808" type="stmt" count="2"/>
        <line num="2809" type="stmt" count="2"/>
        <line num="2810" type="stmt" count="2"/>
        <line num="2812" type="stmt" count="2"/>
        <line num="2824" type="method" name="t3" visibility="public" complexity="1" crap="1" count="2"/>
        <line num="2826" type="stmt" count="2"/>
        <line num="2827" type="stmt" count="2"/>
        <line num="2828" type="stmt" count="2"/>
        <line num="2829" type="stmt" count="2"/>
        <line num="2831" type="stmt" count="2"/>
        <line num="2842" type="method" name="tan" visibility="public" complexity="1" crap="1" count="2"/>
        <line num="2844" type="stmt" count="2"/>
        <line num="2845" type="stmt" count="2"/>
        <line num="2847" type="stmt" count="2"/>
        <line num="2858" type="method" name="tanh" visibility="public" complexity="1" crap="1" count="2"/>
        <line num="2860" type="stmt" count="2"/>
        <line num="2861" type="stmt" count="2"/>
        <line num="2863" type="stmt" count="2"/>
        <line num="2874" type="method" name="tema" visibility="public" complexity="1" crap="1" count="2"/>
        <line num="2876" type="stmt" count="2"/>
        <line num="2877" type="stmt" count="2"/>
        <line num="2878" type="stmt" count="2"/>
        <line num="2880" type="stmt" count="2"/>
        <line num="2892" type="method" name="trange" visibility="public" complexity="1" crap="1" count="2"/>
        <line num="2894" type="stmt" count="2"/>
        <line num="2895" type="stmt" count="2"/>
        <line num="2897" type="stmt" count="2"/>
        <line num="2908" type="method" name="trima" visibility="public" complexity="1" crap="1" count="2"/>
        <line num="2910" type="stmt" count="2"/>
        <line num="2911" type="stmt" count="2"/>
        <line num="2912" type="stmt" count="2"/>
        <line num="2914" type="stmt" count="2"/>
        <line num="2925" type="method" name="trix" visibility="public" complexity="1" crap="1" count="2"/>
        <line num="2927" type="stmt" count="2"/>
        <line num="2928" type="stmt" count="2"/>
        <line num="2929" type="stmt" count="2"/>
        <line num="2931" type="stmt" count="2"/>
        <line num="2942" type="method" name="tsf" visibility="public" complexity="1" crap="1" count="2"/>
        <line num="2944" type="stmt" count="2"/>
        <line num="2945" type="stmt" count="2"/>
        <line num="2946" type="stmt" count="2"/>
        <line num="2948" type="stmt" count="2"/>
        <line num="2960" type="method" name="typprice" visibility="public" complexity="1" crap="1" count="2"/>
        <line num="2962" type="stmt" count="2"/>
        <line num="2963" type="stmt" count="2"/>
        <line num="2965" type="stmt" count="2"/>
        <line num="2980" type="method" name="ultosc" visibility="public" complexity="1" crap="1" count="2"/>
        <line num="2982" type="stmt" count="2"/>
        <line num="2983" type="stmt" count="2"/>
        <line num="2984" type="stmt" count="2"/>
        <line num="2985" type="stmt" count="2"/>
        <line num="2986" type="stmt" count="2"/>
        <line num="2988" type="stmt" count="2"/>
        <line num="3000" type="method" name="anonymous function" visibility="public" complexity="1" crap="1" count="2"/>
        <line num="3002" type="stmt" count="2"/>
        <line num="3003" type="stmt" count="2"/>
        <line num="3004" type="stmt" count="2"/>
        <line num="3005" type="stmt" count="2"/>
        <line num="3007" type="stmt" count="2"/>
        <line num="3019" type="method" name="wclprice" visibility="public" complexity="1" crap="1" count="2"/>
        <line num="3021" type="stmt" count="2"/>
        <line num="3022" type="stmt" count="2"/>
        <line num="3024" type="stmt" count="2"/>
        <line num="3037" type="method" name="willr" visibility="public" complexity="1" crap="1" count="2"/>
        <line num="3039" type="stmt" count="2"/>
        <line num="3040" type="stmt" count="2"/>
        <line num="3041" type="stmt" count="2"/>
        <line num="3043" type="stmt" count="2"/>
        <line num="3054" type="method" name="wma" visibility="public" complexity="1" crap="1" count="2"/>
        <line num="3056" type="stmt" count="2"/>
        <line num="3057" type="stmt" count="2"/>
        <line num="3058" type="stmt" count="2"/>
        <line num="3060" type="stmt" count="2"/>
        <metrics loc="3062" ncloc="1542" classes="1" methods="164" coveredmethods="158" conditionals="0" coveredconditionals="0" statements="640" coveredstatements="588" elements="804" coveredelements="746"/>
      </file>
    </package>
    <metrics files="2" loc="5526" ncloc="2370" classes="2" methods="327" coveredmethods="316" conditionals="0" coveredconditionals="0" statements="803" coveredstatements="746" elements="1130" coveredelements="1062"/>
  </project>
</coverage>
